test: (g=0): rw=randwrite, bs=(R) 4096B-4096B, (W) 4096B-4096B, (T) 4096B-4096B, ioengine=sync, iodepth=64
fio-3.30
Starting 1 process

test: (groupid=0, jobs=1): err= 0: pid=893: Fri Mar  9 14:23:49 2018
  write: IOPS=18.9k, BW=73.7MiB/s (77.3MB/s)(1474MiB/20001msec); 0 zone resets
    clat (usec): min=24, max=5953, avg=30.48, stdev=37.81
     lat (usec): min=25, max=5954, avg=31.53, stdev=38.02
   bw (  KiB/s): min=72048, max=79328, per=100.00%, avg=75556.54, stdev=2023.90, samples=39
   iops        : min=18012, max=19832, avg=18889.00, stdev=506.00, samples=39
  lat (usec)   : 50=97.09%, 100=1.85%, 250=0.73%, 500=0.32%, 750=0.01%
  lat (usec)   : 1000=0.01%
  lat (msec)   : 10=0.01%
  cpu          : usr=30.83%, sys=65.88%, ctx=5947, majf=0, minf=40
  IO depths    : 1=100.0%, 2=0.0%, 4=0.0%, 8=0.0%, 16=0.0%, 32=0.0%, >=64=0.0%
     submit    : 0=0.0%, 4=100.0%, 8=0.0%, 16=0.0%, 32=0.0%, 64=0.0%, >=64=0.0%
     complete  : 0=0.0%, 4=100.0%, 8=0.0%, 16=0.0%, 32=0.0%, 64=0.0%, >=64=0.0%
     issued rwts: total=0,377270,0,0 short=0,0,0,0 dropped=0,0,0,0
     latency   : target=0, window=0, percentile=100.00%, depth=64

Run status group 0 (all jobs):
  WRITE: bw=73.7MiB/s (77.3MB/s), 73.7MiB/s-73.7MiB/s (77.3MB/s-77.3MB/s), io=1474MiB (1545MB), run=20001-20001msec
