test: (g=0): rw=randwrite, bs=(R) 4096B-4096B, (W) 4096B-4096B, (T) 4096B-4096B, ioengine=sync, iodepth=64
fio-3.30
Starting 1 process

test: (groupid=0, jobs=1): err= 0: pid=898: Fri Mar  9 14:24:19 2018
  write: IOPS=18.9k, BW=74.0MiB/s (77.6MB/s)(1480MiB/20002msec); 0 zone resets
    clat (usec): min=24, max=6183, avg=30.51, stdev=40.30
     lat (usec): min=25, max=6185, avg=31.53, stdev=40.54
   bw (  KiB/s): min=71663, max=80881, per=100.00%, avg=75881.43, stdev=2180.04, samples=40
   iops        : min=17915, max=20220, avg=18970.15, stdev=545.02, samples=40
  lat (usec)   : 50=97.07%, 100=1.85%, 250=0.73%, 500=0.34%, 750=0.01%
  lat (usec)   : 1000=0.01%
  lat (msec)   : 10=0.01%
  cpu          : usr=30.21%, sys=66.41%, ctx=5918, majf=0, minf=40
  IO depths    : 1=100.0%, 2=0.0%, 4=0.0%, 8=0.0%, 16=0.0%, 32=0.0%, >=64=0.0%
     submit    : 0=0.0%, 4=100.0%, 8=0.0%, 16=0.0%, 32=0.0%, 64=0.0%, >=64=0.0%
     complete  : 0=0.0%, 4=100.0%, 8=0.0%, 16=0.0%, 32=0.0%, 64=0.0%, >=64=0.0%
     issued rwts: total=0,378973,0,0 short=0,0,0,0 dropped=0,0,0,0
     latency   : target=0, window=0, percentile=100.00%, depth=64

Run status group 0 (all jobs):
  WRITE: bw=74.0MiB/s (77.6MB/s), 74.0MiB/s-74.0MiB/s (77.6MB/s-77.6MB/s), io=1480MiB (1552MB), run=20002-20002msec
