test: (g=0): rw=randwrite, bs=(R) 4096B-4096B, (W) 4096B-4096B, (T) 4096B-4096B, ioengine=sync, iodepth=64
fio-3.30
Starting 1 process

test: (groupid=0, jobs=1): err= 0: pid=878: Fri Mar  9 14:22:18 2018
  write: IOPS=18.7k, BW=73.0MiB/s (76.6MB/s)(1460MiB/20001msec); 0 zone resets
    clat (usec): min=24, max=5961, avg=30.71, stdev=36.74
     lat (usec): min=25, max=5963, avg=31.80, stdev=36.97
   bw (  KiB/s): min=63535, max=80776, per=100.00%, avg=74891.77, stdev=3175.93, samples=39
   iops        : min=15883, max=20194, avg=18722.64, stdev=794.13, samples=39
  lat (usec)   : 50=96.93%, 100=1.98%, 250=0.73%, 500=0.34%, 750=0.01%
  lat (usec)   : 1000=0.01%
  lat (msec)   : 4=0.01%, 10=0.01%
  cpu          : usr=30.09%, sys=66.41%, ctx=5929, majf=0, minf=40
  IO depths    : 1=100.0%, 2=0.0%, 4=0.0%, 8=0.0%, 16=0.0%, 32=0.0%, >=64=0.0%
     submit    : 0=0.0%, 4=100.0%, 8=0.0%, 16=0.0%, 32=0.0%, 64=0.0%, >=64=0.0%
     complete  : 0=0.0%, 4=100.0%, 8=0.0%, 16=0.0%, 32=0.0%, 64=0.0%, >=64=0.0%
     issued rwts: total=0,373862,0,0 short=0,0,0,0 dropped=0,0,0,0
     latency   : target=0, window=0, percentile=100.00%, depth=64

Run status group 0 (all jobs):
  WRITE: bw=73.0MiB/s (76.6MB/s), 73.0MiB/s-73.0MiB/s (76.6MB/s-76.6MB/s), io=1460MiB (1531MB), run=20001-20001msec
