test: (g=0): rw=randwrite, bs=(R) 4096B-4096B, (W) 4096B-4096B, (T) 4096B-4096B, ioengine=sync, iodepth=64
fio-3.30
Starting 1 process

test: (groupid=0, jobs=1): err= 0: pid=888: Fri Mar  9 14:23:18 2018
  write: IOPS=18.9k, BW=74.0MiB/s (77.5MB/s)(1479MiB/20001msec); 0 zone resets
    clat (usec): min=24, max=6016, avg=30.35, stdev=34.98
     lat (usec): min=25, max=6017, avg=31.35, stdev=35.21
   bw (  KiB/s): min=70949, max=79799, per=100.00%, avg=75857.72, stdev=2269.79, samples=39
   iops        : min=17737, max=19949, avg=18964.21, stdev=567.37, samples=39
  lat (usec)   : 50=97.19%, 100=1.75%, 250=0.72%, 500=0.33%, 750=0.01%
  lat (usec)   : 1000=0.01%
  lat (msec)   : 2=0.01%, 10=0.01%
  cpu          : usr=30.98%, sys=65.71%, ctx=5925, majf=0, minf=40
  IO depths    : 1=100.0%, 2=0.0%, 4=0.0%, 8=0.0%, 16=0.0%, 32=0.0%, >=64=0.0%
     submit    : 0=0.0%, 4=100.0%, 8=0.0%, 16=0.0%, 32=0.0%, 64=0.0%, >=64=0.0%
     complete  : 0=0.0%, 4=100.0%, 8=0.0%, 16=0.0%, 32=0.0%, 64=0.0%, >=64=0.0%
     issued rwts: total=0,378670,0,0 short=0,0,0,0 dropped=0,0,0,0
     latency   : target=0, window=0, percentile=100.00%, depth=64

Run status group 0 (all jobs):
  WRITE: bw=74.0MiB/s (77.5MB/s), 74.0MiB/s-74.0MiB/s (77.5MB/s-77.5MB/s), io=1479MiB (1551MB), run=20001-20001msec
