test: (g=0): rw=read, bs=(R) 4096B-4096B, (W) 4096B-4096B, (T) 4096B-4096B, ioengine=sync, iodepth=64
fio-3.30
Starting 1 process

test: (groupid=0, jobs=1): err= 0: pid=973: Fri Mar  9 14:31:56 2018
  read: IOPS=46.5k, BW=182MiB/s (190MB/s)(3633MiB/20001msec)
    clat (usec): min=6, max=5954, avg=13.48, stdev=38.95
     lat (usec): min=7, max=5955, avg=14.23, stdev=39.30
   bw (  KiB/s): min=178592, max=189258, per=100.00%, avg=186266.72, stdev=1956.40, samples=39
   iops        : min=44648, max=47314, avg=46566.41, stdev=489.01, samples=39
  lat (usec)   : 10=92.28%, 20=4.38%, 50=0.51%, 100=0.74%, 250=1.53%
  lat (usec)   : 500=0.52%, 750=0.04%, 1000=0.01%
  lat (msec)   : 2=0.01%, 4=0.01%, 10=0.01%
  cpu          : usr=54.98%, sys=41.93%, ctx=6295, majf=0, minf=40
  IO depths    : 1=100.0%, 2=0.0%, 4=0.0%, 8=0.0%, 16=0.0%, 32=0.0%, >=64=0.0%
     submit    : 0=0.0%, 4=100.0%, 8=0.0%, 16=0.0%, 32=0.0%, 64=0.0%, >=64=0.0%
     complete  : 0=0.0%, 4=100.0%, 8=0.0%, 16=0.0%, 32=0.0%, 64=0.0%, >=64=0.0%
     issued rwts: total=929933,0,0,0 short=0,0,0,0 dropped=0,0,0,0
     latency   : target=0, window=0, percentile=100.00%, depth=64

Run status group 0 (all jobs):
   READ: bw=182MiB/s (190MB/s), 182MiB/s-182MiB/s (190MB/s-190MB/s), io=3633MiB (3809MB), run=20001-20001msec
