test: (g=0): rw=read, bs=(R) 4096B-4096B, (W) 4096B-4096B, (T) 4096B-4096B, ioengine=sync, iodepth=64
fio-3.30
Starting 1 process

test: (groupid=0, jobs=1): err= 0: pid=968: Fri Mar  9 14:31:25 2018
  read: IOPS=44.2k, BW=173MiB/s (181MB/s)(3454MiB/20001msec)
    clat (usec): min=6, max=6153, avg=14.35, stdev=42.38
     lat (usec): min=7, max=6153, avg=15.15, stdev=42.84
   bw (  KiB/s): min=163474, max=181952, per=100.00%, avg=177123.72, stdev=3643.73, samples=39
   iops        : min=40868, max=45488, avg=44280.69, stdev=910.97, samples=39
  lat (usec)   : 10=91.47%, 20=4.67%, 50=0.56%, 100=1.13%, 250=1.47%
  lat (usec)   : 500=0.65%, 750=0.04%, 1000=0.01%
  lat (msec)   : 2=0.01%, 4=0.01%, 10=0.01%
  cpu          : usr=55.23%, sys=41.64%, ctx=6284, majf=0, minf=40
  IO depths    : 1=100.0%, 2=0.0%, 4=0.0%, 8=0.0%, 16=0.0%, 32=0.0%, >=64=0.0%
     submit    : 0=0.0%, 4=100.0%, 8=0.0%, 16=0.0%, 32=0.0%, 64=0.0%, >=64=0.0%
     complete  : 0=0.0%, 4=100.0%, 8=0.0%, 16=0.0%, 32=0.0%, 64=0.0%, >=64=0.0%
     issued rwts: total=884345,0,0,0 short=0,0,0,0 dropped=0,0,0,0
     latency   : target=0, window=0, percentile=100.00%, depth=64

Run status group 0 (all jobs):
   READ: bw=173MiB/s (181MB/s), 173MiB/s-173MiB/s (181MB/s-181MB/s), io=3454MiB (3622MB), run=20001-20001msec
