test: (g=0): rw=read, bs=(R) 4096B-4096B, (W) 4096B-4096B, (T) 4096B-4096B, ioengine=sync, iodepth=64
fio-3.30
Starting 1 process

test: (groupid=0, jobs=1): err= 0: pid=953: Fri Mar  9 14:29:54 2018
  read: IOPS=47.0k, BW=184MiB/s (192MB/s)(3671MiB/20004msec)
    clat (usec): min=6, max=5613, avg=13.34, stdev=38.95
     lat (usec): min=7, max=5614, avg=14.16, stdev=39.77
   bw (  KiB/s): min=184552, max=191302, per=100.00%, avg=188169.65, stdev=1940.26, samples=40
   iops        : min=46138, max=47825, avg=47042.27, stdev=485.03, samples=40
  lat (usec)   : 10=92.52%, 20=4.29%, 50=0.53%, 100=0.58%, 250=1.50%
  lat (usec)   : 500=0.53%, 750=0.04%, 1000=0.01%
  lat (msec)   : 2=0.01%, 4=0.01%, 10=0.01%
  cpu          : usr=54.71%, sys=42.24%, ctx=6322, majf=0, minf=40
  IO depths    : 1=100.0%, 2=0.0%, 4=0.0%, 8=0.0%, 16=0.0%, 32=0.0%, >=64=0.0%
     submit    : 0=0.0%, 4=100.0%, 8=0.0%, 16=0.0%, 32=0.0%, 64=0.0%, >=64=0.0%
     complete  : 0=0.0%, 4=100.0%, 8=0.0%, 16=0.0%, 32=0.0%, 64=0.0%, >=64=0.0%
     issued rwts: total=939770,0,0,0 short=0,0,0,0 dropped=0,0,0,0
     latency   : target=0, window=0, percentile=100.00%, depth=64

Run status group 0 (all jobs):
   READ: bw=184MiB/s (192MB/s), 184MiB/s-184MiB/s (192MB/s-192MB/s), io=3671MiB (3849MB), run=20004-20004msec
