test: (g=0): rw=read, bs=(R) 4096B-4096B, (W) 4096B-4096B, (T) 4096B-4096B, ioengine=sync, iodepth=64
fio-3.30
Starting 1 process

test: (groupid=0, jobs=1): err= 0: pid=958: Fri Mar  9 14:30:25 2018
  read: IOPS=45.9k, BW=179MiB/s (188MB/s)(3585MiB/20001msec)
    clat (usec): min=6, max=5992, avg=13.75, stdev=40.32
     lat (usec): min=7, max=5993, avg=14.53, stdev=41.17
   bw (  KiB/s): min=166880, max=189851, per=100.00%, avg=183668.28, stdev=5789.75, samples=39
   iops        : min=41720, max=47462, avg=45916.82, stdev=1447.47, samples=39
  lat (usec)   : 10=92.20%, 20=4.36%, 50=0.63%, 100=0.60%, 250=1.50%
  lat (usec)   : 500=0.65%, 750=0.04%, 1000=0.01%
  lat (msec)   : 2=0.01%, 4=0.01%, 10=0.01%
  cpu          : usr=54.32%, sys=42.45%, ctx=6269, majf=0, minf=40
  IO depths    : 1=100.0%, 2=0.0%, 4=0.0%, 8=0.0%, 16=0.0%, 32=0.0%, >=64=0.0%
     submit    : 0=0.0%, 4=100.0%, 8=0.0%, 16=0.0%, 32=0.0%, 64=0.0%, >=64=0.0%
     complete  : 0=0.0%, 4=100.0%, 8=0.0%, 16=0.0%, 32=0.0%, 64=0.0%, >=64=0.0%
     issued rwts: total=917849,0,0,0 short=0,0,0,0 dropped=0,0,0,0
     latency   : target=0, window=0, percentile=100.00%, depth=64

Run status group 0 (all jobs):
   READ: bw=179MiB/s (188MB/s), 179MiB/s-179MiB/s (188MB/s-188MB/s), io=3585MiB (3760MB), run=20001-20001msec
