test: (g=0): rw=read, bs=(R) 64.0KiB-64.0KiB, (W) 64.0KiB-64.0KiB, (T) 64.0KiB-64.0KiB, ioengine=sync, iodepth=64
fio-3.30
Starting 1 process

test: (groupid=0, jobs=1): err= 0: pid=988: Fri Mar  9 14:33:27 2018
  read: IOPS=5696, BW=356MiB/s (373MB/s)(7123MiB/20006msec)
    clat (usec): min=29, max=6584, avg=126.30, stdev=131.41
     lat (usec): min=30, max=6584, avg=127.96, stdev=131.47
   bw (  KiB/s): min=335616, max=377971, per=100.00%, avg=365138.90, stdev=9307.96, samples=40
   iops        : min= 5244, max= 5905, avg=5704.97, stdev=145.38, samples=40
  lat (usec)   : 50=51.22%, 100=4.55%, 250=18.02%, 500=25.13%, 750=0.95%
  lat (usec)   : 1000=0.11%
  lat (msec)   : 2=0.01%, 4=0.01%, 10=0.01%
  cpu          : usr=21.79%, sys=74.26%, ctx=6735, majf=0, minf=40
  IO depths    : 1=100.0%, 2=0.0%, 4=0.0%, 8=0.0%, 16=0.0%, 32=0.0%, >=64=0.0%
     submit    : 0=0.0%, 4=100.0%, 8=0.0%, 16=0.0%, 32=0.0%, 64=0.0%, >=64=0.0%
     complete  : 0=0.0%, 4=100.0%, 8=0.0%, 16=0.0%, 32=0.0%, 64=0.0%, >=64=0.0%
     issued rwts: total=113970,0,0,0 short=0,0,0,0 dropped=0,0,0,0
     latency   : target=0, window=0, percentile=100.00%, depth=64

Run status group 0 (all jobs):
   READ: bw=356MiB/s (373MB/s), 356MiB/s-356MiB/s (373MB/s-373MB/s), io=7123MiB (7469MB), run=20006-20006msec
