test: (g=0): rw=read, bs=(R) 64.0KiB-64.0KiB, (W) 64.0KiB-64.0KiB, (T) 64.0KiB-64.0KiB, ioengine=sync, iodepth=64
fio-3.30
Starting 1 process

test: (groupid=0, jobs=1): err= 0: pid=993: Fri Mar  9 14:33:57 2018
  read: IOPS=5787, BW=362MiB/s (379MB/s)(7234MiB/20001msec)
    clat (usec): min=29, max=6710, avg=125.07, stdev=131.73
     lat (usec): min=30, max=6713, avg=126.48, stdev=131.75
   bw (  KiB/s): min=345010, max=381696, per=100.00%, avg=370808.95, stdev=8174.32, samples=39
   iops        : min= 5390, max= 5964, avg=5793.56, stdev=127.65, samples=39
  lat (usec)   : 50=51.70%, 100=4.04%, 250=18.08%, 500=25.23%, 750=0.85%
  lat (usec)   : 1000=0.09%
  lat (msec)   : 2=0.01%, 4=0.01%, 10=0.01%
  cpu          : usr=21.23%, sys=74.77%, ctx=6739, majf=0, minf=40
  IO depths    : 1=100.0%, 2=0.0%, 4=0.0%, 8=0.0%, 16=0.0%, 32=0.0%, >=64=0.0%
     submit    : 0=0.0%, 4=100.0%, 8=0.0%, 16=0.0%, 32=0.0%, 64=0.0%, >=64=0.0%
     complete  : 0=0.0%, 4=100.0%, 8=0.0%, 16=0.0%, 32=0.0%, 64=0.0%, >=64=0.0%
     issued rwts: total=115751,0,0,0 short=0,0,0,0 dropped=0,0,0,0
     latency   : target=0, window=0, percentile=100.00%, depth=64

Run status group 0 (all jobs):
   READ: bw=362MiB/s (379MB/s), 362MiB/s-362MiB/s (379MB/s-379MB/s), io=7234MiB (7586MB), run=20001-20001msec
