test: (g=0): rw=read, bs=(R) 64.0KiB-64.0KiB, (W) 64.0KiB-64.0KiB, (T) 64.0KiB-64.0KiB, ioengine=sync, iodepth=64
fio-3.30
Starting 1 process

test: (groupid=0, jobs=1): err= 0: pid=978: Fri Mar  9 14:32:26 2018
  read: IOPS=5706, BW=357MiB/s (374MB/s)(7135MiB/20005msec)
    clat (usec): min=30, max=6351, avg=126.75, stdev=137.83
     lat (usec): min=30, max=6351, avg=128.40, stdev=138.91
   bw (  KiB/s): min=349952, max=375406, per=100.00%, avg=365767.18, stdev=5862.41, samples=40
   iops        : min= 5468, max= 5865, avg=5714.82, stdev=91.53, samples=40
  lat (usec)   : 50=50.75%, 100=3.38%, 250=19.66%, 500=25.20%, 750=0.88%
  lat (usec)   : 1000=0.10%
  lat (msec)   : 2=0.01%, 4=0.01%, 10=0.02%
  cpu          : usr=22.32%, sys=73.77%, ctx=6696, majf=0, minf=40
  IO depths    : 1=100.0%, 2=0.0%, 4=0.0%, 8=0.0%, 16=0.0%, 32=0.0%, >=64=0.0%
     submit    : 0=0.0%, 4=100.0%, 8=0.0%, 16=0.0%, 32=0.0%, 64=0.0%, >=64=0.0%
     complete  : 0=0.0%, 4=100.0%, 8=0.0%, 16=0.0%, 32=0.0%, 64=0.0%, >=64=0.0%
     issued rwts: total=114166,0,0,0 short=0,0,0,0 dropped=0,0,0,0
     latency   : target=0, window=0, percentile=100.00%, depth=64

Run status group 0 (all jobs):
   READ: bw=357MiB/s (374MB/s), 357MiB/s-357MiB/s (374MB/s-374MB/s), io=7135MiB (7482MB), run=20005-20005msec
