test: (g=0): rw=read, bs=(R) 64.0KiB-64.0KiB, (W) 64.0KiB-64.0KiB, (T) 64.0KiB-64.0KiB, ioengine=sync, iodepth=64
fio-3.30
Starting 1 process

test: (groupid=0, jobs=1): err= 0: pid=983: Fri Mar  9 14:32:56 2018
  read: IOPS=5748, BW=359MiB/s (377MB/s)(7186MiB/20001msec)
    clat (usec): min=30, max=6293, avg=124.72, stdev=125.61
     lat (usec): min=30, max=6293, avg=126.25, stdev=125.71
   bw (  KiB/s): min=333312, max=381056, per=100.00%, avg=368268.97, stdev=10797.55, samples=39
   iops        : min= 5208, max= 5954, avg=5753.82, stdev=168.68, samples=39
  lat (usec)   : 50=52.00%, 100=4.55%, 250=17.33%, 500=25.10%, 750=0.89%
  lat (usec)   : 1000=0.11%
  lat (msec)   : 2=0.01%, 10=0.01%
  cpu          : usr=20.24%, sys=75.76%, ctx=6668, majf=0, minf=40
  IO depths    : 1=100.0%, 2=0.0%, 4=0.0%, 8=0.0%, 16=0.0%, 32=0.0%, >=64=0.0%
     submit    : 0=0.0%, 4=100.0%, 8=0.0%, 16=0.0%, 32=0.0%, 64=0.0%, >=64=0.0%
     complete  : 0=0.0%, 4=100.0%, 8=0.0%, 16=0.0%, 32=0.0%, 64=0.0%, >=64=0.0%
     issued rwts: total=114968,0,0,0 short=0,0,0,0 dropped=0,0,0,0
     latency   : target=0, window=0, percentile=100.00%, depth=64

Run status group 0 (all jobs):
   READ: bw=359MiB/s (377MB/s), 359MiB/s-359MiB/s (377MB/s-377MB/s), io=7186MiB (7535MB), run=20001-20001msec
