test: (g=0): rw=write, bs=(R) 4096B-4096B, (W) 4096B-4096B, (T) 4096B-4096B, ioengine=sync, iodepth=64
fio-3.30
Starting 1 process

test: (groupid=0, jobs=1): err= 0: pid=1048: Fri Mar  9 14:39:31 2018
  write: IOPS=20.9k, BW=81.4MiB/s (85.4MB/s)(1629MiB/20001msec); 0 zone resets
    clat (usec): min=25, max=5870, avg=30.56, stdev=30.19
     lat (usec): min=26, max=5871, avg=31.79, stdev=30.77
   bw (  KiB/s): min=81756, max=85018, per=100.00%, avg=83472.87, stdev=912.41, samples=39
   iops        : min=20439, max=21254, avg=20868.03, stdev=228.07, samples=39
  lat (usec)   : 50=97.35%, 100=1.59%, 250=0.74%, 500=0.32%, 750=0.01%
  lat (usec)   : 1000=0.01%
  lat (msec)   : 4=0.01%, 10=0.01%
  cpu          : usr=30.82%, sys=65.79%, ctx=5932, majf=0, minf=40
  IO depths    : 1=100.0%, 2=0.0%, 4=0.0%, 8=0.0%, 16=0.0%, 32=0.0%, >=64=0.0%
     submit    : 0=0.0%, 4=100.0%, 8=0.0%, 16=0.0%, 32=0.0%, 64=0.0%, >=64=0.0%
     complete  : 0=0.0%, 4=100.0%, 8=0.0%, 16=0.0%, 32=0.0%, 64=0.0%, >=64=0.0%
     issued rwts: total=0,417044,0,0 short=0,0,0,0 dropped=0,0,0,0
     latency   : target=0, window=0, percentile=100.00%, depth=64

Run status group 0 (all jobs):
  WRITE: bw=81.4MiB/s (85.4MB/s), 81.4MiB/s-81.4MiB/s (85.4MB/s-85.4MB/s), io=1629MiB (1708MB), run=20001-20001msec
