test: (g=0): rw=write, bs=(R) 4096B-4096B, (W) 4096B-4096B, (T) 4096B-4096B, ioengine=sync, iodepth=64
fio-3.30
Starting 1 process

test: (groupid=0, jobs=1): err= 0: pid=1033: Fri Mar  9 14:38:00 2018
  write: IOPS=21.3k, BW=83.2MiB/s (87.3MB/s)(1664MiB/20001msec); 0 zone resets
    clat (usec): min=24, max=5941, avg=30.28, stdev=34.94
     lat (usec): min=25, max=5942, avg=31.29, stdev=35.38
   bw (  KiB/s): min=81920, max=87248, per=100.00%, avg=85298.41, stdev=1441.88, samples=39
   iops        : min=20480, max=21812, avg=21324.36, stdev=360.48, samples=39
  lat (usec)   : 50=97.32%, 100=1.62%, 250=0.73%, 500=0.33%, 750=0.01%
  lat (usec)   : 1000=0.01%
  lat (msec)   : 2=0.01%, 4=0.01%, 10=0.01%
  cpu          : usr=31.46%, sys=64.49%, ctx=5878, majf=0, minf=40
  IO depths    : 1=100.0%, 2=0.0%, 4=0.0%, 8=0.0%, 16=0.0%, 32=0.0%, >=64=0.0%
     submit    : 0=0.0%, 4=100.0%, 8=0.0%, 16=0.0%, 32=0.0%, 64=0.0%, >=64=0.0%
     complete  : 0=0.0%, 4=100.0%, 8=0.0%, 16=0.0%, 32=0.0%, 64=0.0%, >=64=0.0%
     issued rwts: total=0,426095,0,0 short=0,0,0,0 dropped=0,0,0,0
     latency   : target=0, window=0, percentile=100.00%, depth=64

Run status group 0 (all jobs):
  WRITE: bw=83.2MiB/s (87.3MB/s), 83.2MiB/s-83.2MiB/s (87.3MB/s-87.3MB/s), io=1664MiB (1745MB), run=20001-20001msec
