test: (g=0): rw=write, bs=(R) 4096B-4096B, (W) 4096B-4096B, (T) 4096B-4096B, ioengine=sync, iodepth=64
fio-3.30
Starting 1 process

test: (groupid=0, jobs=1): err= 0: pid=1038: Fri Mar  9 14:38:31 2018
  write: IOPS=20.3k, BW=79.4MiB/s (83.3MB/s)(1588MiB/20001msec); 0 zone resets
    clat (usec): min=25, max=5861, avg=31.34, stdev=37.26
     lat (usec): min=26, max=5862, avg=32.54, stdev=37.75
   bw (  KiB/s): min=79349, max=82973, per=100.00%, avg=81402.49, stdev=969.08, samples=39
   iops        : min=19837, max=20743, avg=20350.33, stdev=242.25, samples=39
  lat (usec)   : 50=97.19%, 100=1.72%, 250=0.74%, 500=0.35%, 750=0.01%
  lat (usec)   : 1000=0.01%
  lat (msec)   : 2=0.01%, 4=0.01%, 10=0.01%
  cpu          : usr=31.88%, sys=63.87%, ctx=5805, majf=0, minf=40
  IO depths    : 1=100.0%, 2=0.0%, 4=0.0%, 8=0.0%, 16=0.0%, 32=0.0%, >=64=0.0%
     submit    : 0=0.0%, 4=100.0%, 8=0.0%, 16=0.0%, 32=0.0%, 64=0.0%, >=64=0.0%
     complete  : 0=0.0%, 4=100.0%, 8=0.0%, 16=0.0%, 32=0.0%, 64=0.0%, >=64=0.0%
     issued rwts: total=0,406624,0,0 short=0,0,0,0 dropped=0,0,0,0
     latency   : target=0, window=0, percentile=100.00%, depth=64

Run status group 0 (all jobs):
  WRITE: bw=79.4MiB/s (83.3MB/s), 79.4MiB/s-79.4MiB/s (83.3MB/s-83.3MB/s), io=1588MiB (1666MB), run=20001-20001msec
